[Thu Sep 11 17:11:05 2025] === UWP Split Screen Mod Initialize (Enhanced Version) ===
[Thu Sep 11 17:11:05 2025] Microsoft Store platform detected
[Thu Sep 11 17:11:05 2025] MinHook initialized successfully
[Thu Sep 11 17:11:05 2025] Starting delayed hook installation thread...
[Thu Sep 11 17:11:05 2025] UWP Split Screen Mod initialized successfully (enhanced multi-player support)
[Thu Sep 11 17:11:05 2025] Delayed hook installation thread started
[Thu Sep 11 17:11:08 2025] Hook installation attempt 1/20
[Thu Sep 11 17:11:08 2025] Game appears active and ready for hook installation
[Thu Sep 11 17:11:08 2025] Game appears active, installing hooks...
[Thu Sep 11 17:11:08 2025] Installing XInput hook...
[Thu Sep 11 17:11:08 2025] Found XInputGetState at: 0x140736369727312 in XINPUT1_4.dll
[Thu Sep 11 17:11:08 2025] XInput - MH_CreateHook result: MH_OK
[Thu Sep 11 17:11:08 2025] VirtualProtect succeeded for XInput target
[Thu Sep 11 17:11:08 2025] XInput - MH_EnableHook result: MH_OK
[Thu Sep 11 17:11:08 2025] XInput hook successful with XINPUT1_4.dll
[Thu Sep 11 17:11:08 2025] XInput hook successful
[Thu Sep 11 17:11:08 2025] Method 1: Hook via temporary SwapChain creation
[Thu Sep 11 17:11:08 2025] Temporary SwapChain created successfully
[Thu Sep 11 17:11:08 2025] Real Present function found at: 0x140736707696832
[Thu Sep 11 17:11:08 2025] Present function memory protect: 0x32
[Thu Sep 11 17:11:08 2025] MH_CreateHook result: MH_OK
[Thu Sep 11 17:11:08 2025] VirtualProtect succeeded for present target
[Thu Sep 11 17:11:08 2025] MH_EnableHook result: MH_OK
[Thu Sep 11 17:11:08 2025] Present hook enabled successfully!
[Thu Sep 11 17:11:08 2025] Present hook successful via Method 1 (Temporary SwapChain)!
[Thu Sep 11 17:11:08 2025] All hooks installed successfully! Enhanced split screen mod is now active.
[Thu Sep 11 17:11:37 2025] *** PRESENT HOOK EXECUTED - ENHANCED SPLIT SCREEN MOD IS WORKING! ***
[Thu Sep 11 17:11:37 2025] Configuring viewports for 1 players (1280x720)
[Thu Sep 11 17:11:37 2025] Single player - Full screen
[Thu Sep 11 17:11:37 2025] Dynamic split screen active - Players: 1, Frame: 1
[Thu Sep 11 17:11:38 2025] Player 1 controller connected
[Thu Sep 11 17:11:38 2025] Player 2 controller connected
[Thu Sep 11 17:11:38 2025] Active players updated: 2
[Thu Sep 11 17:11:38 2025] Configuring viewports for 2 players (1280x720)
[Thu Sep 11 17:11:38 2025] Two players - Vertical split (640x720 each)
[Thu Sep 11 17:11:39 2025] Enhanced Present hook active - Frame 60 rendered
[Thu Sep 11 17:11:40 2025] Enhanced Present hook active - Frame 120 rendered
[Thu Sep 11 17:11:41 2025] Enhanced Present hook active - Frame 180 rendered
[Thu Sep 11 17:11:42 2025] Enhanced Present hook active - Frame 240 rendered
[Thu Sep 11 17:11:43 2025] Enhanced Present hook active - Frame 300 rendered
[Thu Sep 11 17:11:44 2025] Enhanced Present hook active - Frame 360 rendered
[Thu Sep 11 17:11:45 2025] Enhanced Present hook active - Frame 420 rendered
[Thu Sep 11 17:11:46 2025] Enhanced Present hook active - Frame 480 rendered
[Thu Sep 11 17:11:47 2025] Enhanced Present hook active - Frame 540 rendered
[Thu Sep 11 17:11:48 2025] Enhanced Present hook active - Frame 600 rendered
[Thu Sep 11 17:11:48 2025] === Split Screen Status ===
[Thu Sep 11 17:11:48 2025] Active players: 2
[Thu Sep 11 17:11:48 2025] Player 1 controller: ACTIVE (packet: 1)
[Thu Sep 11 17:11:48 2025] Player 2 controller: ACTIVE (packet: 68)
[Thu Sep 11 17:11:48 2025] ===========================
[Thu Sep 11 17:11:49 2025] Enhanced Present hook active - Frame 660 rendered
[Thu Sep 11 17:11:50 2025] Enhanced Present hook active - Frame 720 rendered
[Thu Sep 11 17:11:51 2025] Enhanced Present hook active - Frame 780 rendered
[Thu Sep 11 17:11:52 2025] Enhanced Present hook active - Frame 840 rendered
[Thu Sep 11 17:11:53 2025] Enhanced Present hook active - Frame 900 rendered
[Thu Sep 11 17:11:54 2025] Enhanced Present hook active - Frame 960 rendered
[Thu Sep 11 17:11:55 2025] Enhanced Present hook active - Frame 1020 rendered
[Thu Sep 11 17:11:56 2025] Enhanced Present hook active - Frame 1080 rendered
[Thu Sep 11 17:11:57 2025] Enhanced Present hook active - Frame 1140 rendered
[Thu Sep 11 17:11:58 2025] Enhanced Present hook active - Frame 1200 rendered
[Thu Sep 11 17:11:58 2025] === Split Screen Status ===
[Thu Sep 11 17:11:58 2025] Active players: 2
[Thu Sep 11 17:11:58 2025] Player 1 controller: ACTIVE (packet: 1)
[Thu Sep 11 17:11:58 2025] Player 2 controller: ACTIVE (packet: 182)
[Thu Sep 11 17:11:58 2025] ===========================
[Thu Sep 11 17:11:59 2025] Enhanced Present hook active - Frame 1260 rendered
[Thu Sep 11 17:12:00 2025] Enhanced Present hook active - Frame 1320 rendered
[Thu Sep 11 17:12:01 2025] Enhanced Present hook active - Frame 1380 rendered
[Thu Sep 11 17:12:02 2025] Enhanced Present hook active - Frame 1440 rendered
[Thu Sep 11 17:12:03 2025] Enhanced Present hook active - Frame 1500 rendered
[Thu Sep 11 17:12:04 2025] Enhanced Present hook active - Frame 1560 rendered
[Thu Sep 11 17:12:05 2025] Enhanced Present hook active - Frame 1620 rendered
[Thu Sep 11 17:12:06 2025] Enhanced Present hook active - Frame 1680 rendered
[Thu Sep 11 17:12:07 2025] Enhanced Present hook active - Frame 1740 rendered
[Thu Sep 11 17:12:08 2025] Enhanced Present hook active - Frame 1800 rendered
[Thu Sep 11 17:12:08 2025] === Split Screen Status ===
[Thu Sep 11 17:12:08 2025] Active players: 2
[Thu Sep 11 17:12:08 2025] Player 1 controller: ACTIVE (packet: 1)
[Thu Sep 11 17:12:08 2025] Player 2 controller: ACTIVE (packet: 194)
[Thu Sep 11 17:12:08 2025] ===========================
[Thu Sep 11 17:12:09 2025] Enhanced Present hook active - Frame 1860 rendered
[Thu Sep 11 17:12:10 2025] Enhanced Present hook active - Frame 1920 rendered
[Thu Sep 11 17:12:11 2025] Enhanced Present hook active - Frame 1980 rendered
[Thu Sep 11 17:12:12 2025] Enhanced Present hook active - Frame 2040 rendered
[Thu Sep 11 17:12:13 2025] Enhanced Present hook active - Frame 2100 rendered
[Thu Sep 11 17:12:14 2025] Enhanced Present hook active - Frame 2160 rendered
[Thu Sep 11 17:12:15 2025] Enhanced Present hook active - Frame 2220 rendered
[Thu Sep 11 17:12:16 2025] Enhanced Present hook active - Frame 2280 rendered
[Thu Sep 11 17:12:17 2025] Enhanced Present hook active - Frame 2340 rendered
[Thu Sep 11 17:12:18 2025] Enhanced Present hook active - Frame 2400 rendered
[Thu Sep 11 17:12:18 2025] === Split Screen Status ===
[Thu Sep 11 17:12:18 2025] Active players: 2
[Thu Sep 11 17:12:18 2025] Player 1 controller: ACTIVE (packet: 1)
[Thu Sep 11 17:12:18 2025] Player 2 controller: ACTIVE (packet: 194)
[Thu Sep 11 17:12:18 2025] ===========================
[Thu Sep 11 17:12:20 2025] Enhanced Present hook active - Frame 2460 rendered
[Thu Sep 11 17:12:21 2025] Enhanced Present hook active - Frame 2520 rendered
[Thu Sep 11 17:12:22 2025] Enhanced Present hook active - Frame 2580 rendered
[Thu Sep 11 17:12:23 2025] Enhanced Present hook active - Frame 2640 rendered
[Thu Sep 11 17:12:24 2025] Enhanced Present hook active - Frame 2700 rendered
[Thu Sep 11 17:12:25 2025] Enhanced Present hook active - Frame 2760 rendered
[Thu Sep 11 17:12:26 2025] Enhanced Present hook active - Frame 2820 rendered
[Thu Sep 11 17:12:27 2025] Enhanced Present hook active - Frame 2880 rendered
[Thu Sep 11 17:12:28 2025] Enhanced Present hook active - Frame 2940 rendered
[Thu Sep 11 17:12:29 2025] Enhanced Present hook active - Frame 3000 rendered
[Thu Sep 11 17:12:29 2025] === Split Screen Status ===
[Thu Sep 11 17:12:29 2025] Active players: 2
[Thu Sep 11 17:12:29 2025] Player 1 controller: ACTIVE (packet: 1)
[Thu Sep 11 17:12:29 2025] Player 2 controller: ACTIVE (packet: 194)
[Thu Sep 11 17:12:29 2025] ===========================
[Thu Sep 11 17:12:30 2025] Enhanced Present hook active - Frame 3060 rendered
[Thu Sep 11 17:12:31 2025] Enhanced Present hook active - Frame 3120 rendered
[Thu Sep 11 17:12:32 2025] Enhanced Present hook active - Frame 3180 rendered
[Thu Sep 11 17:12:35 2025] Enhanced Present hook active - Frame 3240 rendered
[Thu Sep 11 17:12:36 2025] Enhanced Present hook active - Frame 3300 rendered
[Thu Sep 11 17:12:37 2025] Enhanced Present hook active - Frame 3360 rendered
[Thu Sep 11 17:12:38 2025] Enhanced Present hook active - Frame 3420 rendered
[Thu Sep 11 17:12:39 2025] Enhanced Present hook active - Frame 3480 rendered
[Thu Sep 11 17:12:40 2025] Enhanced Present hook active - Frame 3540 rendered
[Thu Sep 11 17:12:41 2025] Enhanced Present hook active - Frame 3600 rendered
[Thu Sep 11 17:12:41 2025] === Split Screen Status ===
[Thu Sep 11 17:12:41 2025] Active players: 2
[Thu Sep 11 17:12:41 2025] Player 1 controller: ACTIVE (packet: 1)
[Thu Sep 11 17:12:41 2025] Player 2 controller: ACTIVE (packet: 194)
[Thu Sep 11 17:12:41 2025] ===========================
[Thu Sep 11 17:12:41 2025] Dynamic split screen active - Players: 2, Frame: 3600
[Thu Sep 11 17:12:42 2025] Enhanced Present hook active - Frame 3660 rendered
[Thu Sep 11 17:12:43 2025] Enhanced Present hook active - Frame 3720 rendered
[Thu Sep 11 17:12:45 2025] Enhanced Present hook active - Frame 3780 rendered
[Thu Sep 11 17:12:47 2025] Enhanced Present hook active - Frame 3840 rendered
[Thu Sep 11 17:12:48 2025] Enhanced Present hook active - Frame 3900 rendered
[Thu Sep 11 17:12:49 2025] Enhanced Present hook active - Frame 3960 rendered
[Thu Sep 11 17:12:50 2025] Enhanced Present hook active - Frame 4020 rendered
[Thu Sep 11 17:12:52 2025] Enhanced Present hook active - Frame 4080 rendered
[Thu Sep 11 17:12:53 2025] Enhanced Present hook active - Frame 4140 rendered
[Thu Sep 11 17:12:55 2025] Enhanced Present hook active - Frame 4200 rendered
[Thu Sep 11 17:12:55 2025] === Split Screen Status ===
[Thu Sep 11 17:12:55 2025] Active players: 2
[Thu Sep 11 17:12:55 2025] Player 1 controller: ACTIVE (packet: 1)
[Thu Sep 11 17:12:55 2025] Player 2 controller: ACTIVE (packet: 194)
[Thu Sep 11 17:12:55 2025] ===========================
[Thu Sep 11 17:12:56 2025] Enhanced Present hook active - Frame 4260 rendered
[Thu Sep 11 17:12:57 2025] Enhanced Present hook active - Frame 4320 rendered
[Thu Sep 11 17:12:58 2025] Enhanced Present hook active - Frame 4380 rendered
[Thu Sep 11 17:12:59 2025] Enhanced Present hook active - Frame 4440 rendered
[Thu Sep 11 17:13:00 2025] Enhanced Present hook active - Frame 4500 rendered
[Thu Sep 11 17:13:01 2025] Enhanced Present hook active - Frame 4560 rendered
[Thu Sep 11 17:13:02 2025] Enhanced Present hook active - Frame 4620 rendered
[Thu Sep 11 17:13:03 2025] Enhanced Present hook active - Frame 4680 rendered
[Thu Sep 11 17:13:04 2025] Enhanced Present hook active - Frame 4740 rendered
[Thu Sep 11 17:13:05 2025] Enhanced Present hook active - Frame 4800 rendered
[Thu Sep 11 17:13:05 2025] === Split Screen Status ===
[Thu Sep 11 17:13:05 2025] Active players: 2
[Thu Sep 11 17:13:05 2025] Player 1 controller: ACTIVE (packet: 1)
[Thu Sep 11 17:13:05 2025] Player 2 controller: ACTIVE (packet: 222)
[Thu Sep 11 17:13:05 2025] ===========================
[Thu Sep 11 17:13:06 2025] Enhanced Present hook active - Frame 4860 rendered
[Thu Sep 11 17:13:07 2025] Enhanced Present hook active - Frame 4920 rendered
[Thu Sep 11 17:13:08 2025] Enhanced Present hook active - Frame 4980 rendered
[Thu Sep 11 17:13:09 2025] Enhanced Present hook active - Frame 5040 rendered
[Thu Sep 11 17:13:10 2025] Enhanced Present hook active - Frame 5100 rendered
[Thu Sep 11 17:13:11 2025] Enhanced Present hook active - Frame 5160 rendered
[Thu Sep 11 17:13:12 2025] Enhanced Present hook active - Frame 5220 rendered
[Thu Sep 11 17:13:13 2025] Enhanced Present hook active - Frame 5280 rendered
[Thu Sep 11 17:13:14 2025] Enhanced Present hook active - Frame 5340 rendered
[Thu Sep 11 17:13:15 2025] Enhanced Present hook active - Frame 5400 rendered
[Thu Sep 11 17:13:15 2025] === Split Screen Status ===
[Thu Sep 11 17:13:15 2025] Active players: 2
[Thu Sep 11 17:13:15 2025] Player 1 controller: ACTIVE (packet: 99)
[Thu Sep 11 17:13:15 2025] Player 2 controller: ACTIVE (packet: 490)
[Thu Sep 11 17:13:15 2025] ===========================
[Thu Sep 11 17:13:16 2025] Enhanced Present hook active - Frame 5460 rendered
[Thu Sep 11 17:13:17 2025] Enhanced Present hook active - Frame 5520 rendered
[Thu Sep 11 17:13:18 2025] Enhanced Present hook active - Frame 5580 rendered
[Thu Sep 11 17:13:20 2025] Enhanced Present hook active - Frame 5640 rendered
[Thu Sep 11 17:13:21 2025] Enhanced Present hook active - Frame 5700 rendered
[Thu Sep 11 17:13:22 2025] Enhanced Present hook active - Frame 5760 rendered
[Thu Sep 11 17:13:23 2025] Enhanced Present hook active - Frame 5820 rendered
[Thu Sep 11 17:13:24 2025] Enhanced Present hook active - Frame 5880 rendered
[Thu Sep 11 17:13:25 2025] Enhanced Present hook active - Frame 5940 rendered
[Thu Sep 11 17:13:26 2025] Enhanced Present hook active - Frame 6000 rendered
[Thu Sep 11 17:13:26 2025] === Split Screen Status ===
[Thu Sep 11 17:13:26 2025] Active players: 2
[Thu Sep 11 17:13:26 2025] Player 1 controller: ACTIVE (packet: 150)
[Thu Sep 11 17:13:26 2025] Player 2 controller: ACTIVE (packet: 589)
[Thu Sep 11 17:13:26 2025] ===========================
[Thu Sep 11 17:13:27 2025] Enhanced Present hook active - Frame 6060 rendered
[Thu Sep 11 17:13:28 2025] Enhanced Present hook active - Frame 6120 rendered
[Thu Sep 11 17:13:29 2025] Enhanced Present hook active - Frame 6180 rendered
[Thu Sep 11 17:13:30 2025] Enhanced Present hook active - Frame 6240 rendered
[Thu Sep 11 17:13:31 2025] Enhanced Present hook active - Frame 6300 rendered
[Thu Sep 11 17:13:32 2025] Enhanced Present hook active - Frame 6360 rendered
[Thu Sep 11 17:13:33 2025] Enhanced Present hook active - Frame 6420 rendered
[Thu Sep 11 17:13:34 2025] Enhanced Present hook active - Frame 6480 rendered
[Thu Sep 11 17:13:35 2025] Enhanced Present hook active - Frame 6540 rendered
[Thu Sep 11 17:13:36 2025] Enhanced Present hook active - Frame 6600 rendered
[Thu Sep 11 17:13:36 2025] === Split Screen Status ===
[Thu Sep 11 17:13:36 2025] Active players: 2
[Thu Sep 11 17:13:36 2025] Player 1 controller: ACTIVE (packet: 221)
[Thu Sep 11 17:13:36 2025] Player 2 controller: ACTIVE (packet: 941)
[Thu Sep 11 17:13:36 2025] ===========================
[Thu Sep 11 17:13:37 2025] Enhanced Present hook active - Frame 6660 rendered
[Thu Sep 11 17:13:38 2025] Enhanced Present hook active - Frame 6720 rendered
[Thu Sep 11 17:13:39 2025] Enhanced Present hook active - Frame 6780 rendered
[Thu Sep 11 17:13:40 2025] Enhanced Present hook active - Frame 6840 rendered
[Thu Sep 11 17:13:41 2025] Enhanced Present hook active - Frame 6900 rendered
[Thu Sep 11 17:13:42 2025] Enhanced Present hook active - Frame 6960 rendered
[Thu Sep 11 17:13:44 2025] Enhanced Present hook active - Frame 7020 rendered
[Thu Sep 11 17:13:45 2025] Enhanced Present hook active - Frame 7080 rendered
[Thu Sep 11 17:13:46 2025] Enhanced Present hook active - Frame 7140 rendered
[Thu Sep 11 17:13:47 2025] Enhanced Present hook active - Frame 7200 rendered
[Thu Sep 11 17:13:47 2025] === Split Screen Status ===
[Thu Sep 11 17:13:47 2025] Active players: 2
[Thu Sep 11 17:13:47 2025] Player 1 controller: ACTIVE (packet: 249)
[Thu Sep 11 17:13:47 2025] Player 2 controller: ACTIVE (packet: 1103)
[Thu Sep 11 17:13:47 2025] ===========================
[Thu Sep 11 17:13:47 2025] Dynamic split screen active - Players: 2, Frame: 7200
